<?xml version="1.0" encoding="UTF-8"?>
<!-- Generated by org.testng.reporters.JUnitReportReporter -->
<testsuite hostname="DESKTOP-H7Q0JRS" failures="0" tests="2" name="testcases.TC02_Products" time="28.186" errors="0" timestamp="2023-12-20T11:42:01 EET" skipped="0">
  <testcase classname="testcases.TC02_Products" name="AddProductsToCart_P" time="20.153"/>
  <system-out/>
  <testcase classname="testcases.TC02_Products" name="AddRandomProductsToCart_P" time="8.033"/>
  <system-out/>
</testsuite> <!-- testcases.TC02_Products -->
