<?xml version="1.0" encoding="UTF-8"?>
<!-- Generated by org.testng.reporters.JUnitReportReporter -->
<testsuite hostname="DESKTOP-H7Q0JRS" failures="0" tests="4" name="testcases.TC01_Login" time="14.140" errors="0" timestamp="2023-12-09T21:49:18 EET" skipped="0">
  <testcase classname="testcases.TC01_Login" name="loginWithValidData_P" time="4.138"/>
  <system-out/>
  <testcase classname="testcases.TC01_Login" name="loginWithInvalidData_N" time="3.319"/>
  <system-out/>
  <testcase classname="testcases.TC01_Login" name="loginWithValidEmail_N" time="3.312"/>
  <system-out/>
  <testcase classname="testcases.TC01_Login" name="loginWithValidPassword_N" time="3.371"/>
  <system-out/>
</testsuite> <!-- testcases.TC01_Login -->
